<?xml version="1.0" encoding="UTF-8"?>
<!-- Generated by org.testng.reporters.JUnitXMLReporter -->
<testsuite ignored="0" hostname="Vaishali" failures="0" tests="5" name="Default test" time="1.793" errors="0" timestamp="2023-06-21T11:46:50 IST">
  <testcase classname="bookAPI.DynamicJson" name="addBooks" time="1.391"/>
  <testcase classname="bookAPI.DynamicJson" name="addBooks" time="0.102"/>
  <testcase classname="bookAPI.DynamicJson" name="addBooks" time="0.079"/>
  <testcase classname="bookAPI.DynamicJson" name="addBooks" time="0.088"/>
  <testcase classname="bookAPI.DynamicJson" name="addBooks" time="0.092"/>
</testsuite> <!-- Default test -->
